Chat started: 2021/03/12 19:28:54
<server> Trk! Trk!
<34162> POST_PRIVATE Marko / kako smo? 
<34162> POST_PRIVATE Marija / kako pa ti? 
<34162> POST / se kar dobro
<server> 
<server> 
<server> 
Chat ended: 2021/03/12 19:29:35

Chat started: 2021/03/13 11:50:51
Chat ended: 2021/03/13 11:51:28

Chat started: 2021/03/13 11:51:32
<10473> POST / hello
<10473> POST / hello
<10473> POST / h
<10473> POST / 
<10473> POST / 
<10473> POST / h
<10473> POST / h
<10473> POST / h
<10473> POST / h
<10473> POST / h
<10473> POST / h
<10473> POST / h
<10473> POST / h
<10473> POST / h
<10473> POST / h
<10473> POST / h
Chat ended: 2021/03/13 11:52:16

Chat started: 2021/03/13 11:55:02
Chat started: 2021/03/13 11:56:02
Chat started: 2021/03/13 11:56:28
Chat ended: 2021/03/13 11:57:37

Chat started: 2021/03/13 11:57:45
<david>  Hello world!
Chat ended: 2021/03/13 11:58:07

Chat started: 2021/03/13 11:58:51
<david> Whats up?
<_PRIVATE miha> Kako si?
Chat started: 2021/03/13 12:02:59
Chat ended: 2021/03/13 12:03:22

Chat started: 2021/03/13 12:03:23
<_PRIVATE miha>  Kako si? to you
Chat started: 2021/03/13 12:04:51
Chat ended: 2021/03/13 12:05:09

Chat started: 2021/03/13 12:05:09
<miha to you>  Kako si?
<93448> POST / Dobro
<janez to you>  Sup
<93448> POST_PRIVATE janez / Whats up 
Chat ended: 2021/03/13 12:06:56

Chat started: 2021/03/13 12:13:02
<55668> POST / jou!
Chat started: 2021/03/13 12:14:36
<54083> POST / jou!
<54083> POST / whats up?
Chat ended: 2021/03/13 12:15:03

Chat started: 2021/03/13 12:16:37
<20929> POST / Hello
<20929> POST_PRIVATE Marko / Kako si? 
Chat started: 2021/03/13 12:22:40
Chat started: 2021/03/13 12:23:44
Chat started: 2021/03/13 12:25:11
Chat ended: 2021/03/13 12:25:21

Chat started: 2021/03/13 12:25:22
<45728> POST / yes
Chat ended: 2021/03/13 12:42:30

Chat started: 2021/03/13 12:42:38
<42891> POST / hey!
<42891> POST / jou!
Chat ended: 2021/03/13 12:45:20

Chat started: 2021/03/13 12:45:26
<42891> POST / Jou!
Chat ended: 2021/03/13 12:46:50

Chat started: 2021/03/13 12:46:53
Chat ended: 2021/03/13 12:47:57

Chat started: 2021/03/13 12:48:32
<miha> POST / hi
Chat ended: 2021/03/13 12:52:02

Chat started: 2021/03/13 12:53:21
Chat ended: 2021/03/13 12:58:37

Chat started: 2021/03/13 12:58:44
Chat ended: 2021/03/13 12:59:52

Chat started: 2021/03/13 13:00:16
<42871> POST / Hej
Chat ended: 2021/03/13 13:10:28

Chat started: 2021/03/13 13:10:46
Chat ended: 2021/03/13 13:12:40

Chat started: 2021/03/13 13:12:45
<55151> POST / hej
Chat ended: 2021/03/13 13:13:39

Chat started: 2021/03/13 13:15:23
<55151> POST / hello
<55151> POST / no
Chat ended: 2021/03/13 13:19:49

Chat started: 2021/03/13 13:20:25
<55151> POST / hej
Chat ended: 2021/03/13 13:21:43

Chat started: 2021/03/13 13:21:48
Chat ended: 2021/03/13 13:27:47

Chat started: 2021/03/13 13:27:49
<45780> hej
<55151> POST / zivjo
Chat ended: 2021/03/13 13:29:01

Chat started: 2021/03/13 13:29:08
<45780> hej
<55151> POST / hej
<55151> POST / kako smo?
<55151> POST / pa dobro!
<45780> ares, lepo to slisat!
Chat ended: 2021/03/13 13:29:54

Chat started: 2021/03/13 13:30:06
<miha> kdo tukaj?
<janez> POST / janez tukaj!
Chat ended: 2021/03/13 13:36:38

Chat started: 2021/03/13 13:37:39
<Janez> A je kdo na vezi?
<Miha> POST / Miha tukaj!
<Metka> Zivjo!
<XiangLing> Pozdrav s Kitajske!
<Metka to you> Kako si miha?
<Miha> POST_PRIVATE Metka / Dobro metka! 
Chat ended: 2021/03/13 13:47:51

Chat started: 2021/03/13 13:48:12
Chat ended: 2021/03/13 13:48:30

